The relative error for layer 1 W: 1.99919
The relative error for layer 1 b: 5.55111e-07
The relative error for layer 1 gamma: 1.92982
The relative error for layer 1 beta: 1.26265
The relative error for layer 2 W: 1.99494
The relative error for layer 2 b: 5.55111e-07
The relative error for layer 2 gamma: 4.20989e-06
The relative error for layer 2 beta: 2.35794e-06
The relative error for layer 3 W: 3.7399e-06
The relative error for layer 3 b: 3.41602e-08
The relative error for layer 3 gamma: 0
The relative error for layer 3 beta: 0

The relative error for layer 1 W: 0.000137384
The relative error for layer 1 b: 1.77425e-05
The relative error for layer 2 W: 0.000620604
The relative error for layer 2 b: 4.09386e-06
The relative error for layer 3 W: 0.00416703
The relative error for layer 3 b: 5.34397e-06
The relative error for layer 4 W: 4.0337e-05
The relative error for layer 4 b: 3.77494e-08

